[debug] [2021-07-13T08:41:36.208Z] ----------------------------------------------------------------------
[debug] [2021-07-13T08:41:36.215Z] Command:       D:\Program Files\node.exe C:\Users\saini\AppData\Roaming\npm\node_modules\firebase-tools\lib\bin\firebase.js init
[debug] [2021-07-13T08:41:36.217Z] CLI Version:   9.16.0
[debug] [2021-07-13T08:41:36.217Z] Platform:      win32
[debug] [2021-07-13T08:41:36.217Z] Node Version:  v14.16.1
[debug] [2021-07-13T08:41:36.220Z] Time:          Tue Jul 13 2021 14:11:36 GMT+0530 (India Standard Time)
[debug] [2021-07-13T08:41:36.221Z] ----------------------------------------------------------------------
[debug] 
[debug] [2021-07-13T08:41:36.367Z] > command requires scopes: ["email","openid","https://www.googleapis.com/auth/cloudplatformprojects.readonly","https://www.googleapis.com/auth/firebase","https://www.googleapis.com/auth/cloud-platform"]
[debug] [2021-07-13T08:41:36.367Z] > authorizing via signed-in user (pooja17@navgurukul.org)
[info] 
     ######## #### ########  ######## ########     ###     ######  ########
     ##        ##  ##     ## ##       ##     ##  ##   ##  ##       ##
     ######    ##  ########  ######   ########  #########  ######  ######
     ##        ##  ##    ##  ##       ##     ## ##     ##       ## ##
     ##       #### ##     ## ######## ########  ##     ##  ######  ########

You're about to initialize a Firebase project in this directory:

  D:\pooja\React\RCL_Training_Task\dashboard

Before we get started, keep in mind:

  * You are initializing within an existing Firebase project directory

